Arguments: 
  /usr/local/bin/node /usr/local/bin/yarn add https://github.com/benjaffe/ham4corpus/commit/5d0e5d2ebd51202822ebdaf93ea71fe943e5721f

PATH: 
  /Users/ben/.gvm/vertx/current/bin:/Users/ben/.gvm/springboot/current/bin:/Users/ben/.gvm/lazybones/current/bin:/Users/ben/.gvm/jbake/current/bin:/Users/ben/.gvm/groovyserv/current/bin:/Users/ben/.gvm/groovy/current/bin:/Users/ben/.gvm/griffon/current/bin:/Users/ben/.gvm/grails/current/bin:/Users/ben/.gvm/gradle/current/bin:/Users/ben/.gvm/glide/current/bin:/Users/ben/.gvm/gaiden/current/bin:/Users/ben/.gvm/crash/current/bin:/usr/bin:/bin:/usr/sbin:/sbin:/usr/local/bin:/usr/local/lib/node_modules

Yarn version: 
  0.24.5

Node version: 
  6.10.3

Platform: 
  darwin x64

npm manifest: 
  {
    "name": "rhyme",
    "version": "1.0.0",
    "main": "index.js",
    "license": "MIT",
    "dependencies": {
      "rhyme-plus": "^0.0.7"
    }
  }

yarn manifest: 
  No manifest

Lockfile: 
  # THIS IS AN AUTOGENERATED FILE. DO NOT EDIT THIS FILE DIRECTLY.
  # yarn lockfile v1
  
  
  hashish@>=0.0.2:
    version "0.0.4"
    resolved "https://registry.yarnpkg.com/hashish/-/hashish-0.0.4.tgz#6d60bc6ffaf711b6afd60e426d077988014e6554"
    dependencies:
      traverse ">=0.2.4"
  
  lazy@>=1.0.4:
    version "1.0.11"
    resolved "https://registry.yarnpkg.com/lazy/-/lazy-1.0.11.tgz#daa068206282542c088288e975c297c1ae77b690"
  
  rhyme-plus@^0.0.7:
    version "0.0.7"
    resolved "https://registry.yarnpkg.com/rhyme-plus/-/rhyme-plus-0.0.7.tgz#a38926a572b09b45ce68675a4c7efe7b2fcfbc25"
    dependencies:
      hashish ">=0.0.2"
      lazy ">=1.0.4"
  
  traverse@>=0.2.4:
    version "0.6.6"
    resolved "https://registry.yarnpkg.com/traverse/-/traverse-0.6.6.tgz#cbdf560fd7b9af632502fed40f918c157ea97137"

Trace: 
  Error: https://github.com/benjaffe/ham4corpus/commit/5d0e5d2ebd51202822ebdaf93ea71fe943e5721f: Request failed "406 Not Acceptable"
      at Request.handleRequestError (/usr/local/lib/node_modules/yarn/lib/fetchers/tarball-fetcher.js:200:20)
      at emitOne (events.js:96:13)
      at Request.emit (events.js:188:7)
      at Request.onRequestResponse (/usr/local/lib/node_modules/yarn/node_modules/request/request.js:1074:10)
      at emitOne (events.js:96:13)
      at ClientRequest.emit (events.js:188:7)
      at HTTPParser.parserOnIncomingClient [as onIncoming] (_http_client.js:473:21)
      at HTTPParser.parserOnHeadersComplete (_http_common.js:99:23)
      at TLSSocket.socketOnData (_http_client.js:362:20)
      at emitOne (events.js:96:13)
